<?xml version="1.0" encoding="UTF-8"?>
<testsuite name="AppTest" tests="2" skipped="0" failures="0" errors="0" timestamp="2021-07-03T13:00:10" hostname="DESKTOP-0KIMU03" time="0.005">
  <properties/>
  <testcase name="testAppHasAGreeting" classname="AppTest" time="0.004"/>
  <testcase name="testTally_TieForWinner" classname="AppTest" time="0.0"/>
  <system-out><![CDATA[]]></system-out>
  <system-err><![CDATA[]]></system-err>
</testsuite>
