<?xml version="1.0" encoding="UTF-8"?>
<testsuite name="LibraryTest" tests="2" skipped="0" failures="0" errors="0" timestamp="2021-07-04T17:29:09" hostname="DESKTOP-0KIMU03" time="0.002">
  <properties/>
  <testcase name="ResGetters" classname="LibraryTest" time="0.001"/>
  <testcase name="toStringTest" classname="LibraryTest" time="0.001"/>
  <system-out><![CDATA[]]></system-out>
  <system-err><![CDATA[]]></system-err>
</testsuite>
